



<!DOCTYPE html PUBLIC "-//W3C//DTD XHTML 1.0 Transitional//EN" "https://www.w3.org/TR/xhtml1/DTD/xhtml1-transitional.dtd">
<html lang="en">
	
	<head id="ctl00_head1">
<meta name="google-site-verification" content="RVceKokUCmE6I_4EjvyNso7r-FabKr95sjVmUSOiUAI" />
<!-- Google tag (gtag.js) --><script async src="https://www.googletagmanager.com/gtag/js?id=G-JF94J1W5MC"></script>
<script>
    window.dataLayer = window.dataLayer || [];
    function gtag() { dataLayer.push(arguments); }
    gtag('js', new Date());
    gtag('config', 'G-JF94J1W5MC');
</script><title>
	historyof-noble-prize-in-physics

</title><meta http-equiv="content-type" content="text/html; charset=utf-8" /><meta name="description" /><meta name="keywords" /><link rel="icon" href="https://storage.googleapis.com/json_articles/dataknobs-logo-2.jpg" /><link href="https://fonts.googleapis.com/css?family=Open+Sans:400,300,700,800" rel="stylesheet" type="text/css" />


		<!--[if lte IE 9]><link rel="stylesheet" href="https://pictures.happy-new-year.org/sites/site-6/site6/css/ie9.css" /><![endif]-->
		<!--[if lte IE 8]><link rel="stylesheet" href="https://pictures.happy-new-year.org/sites/site-6/site6/css/ie8.css" /><![endif]-->
		<!--[if lte IE 7]><link rel="stylesheet" href="https://pictures.happy-new-year.org/sites/site-6/site6/css/ie7.css" /><![endif]-->


	<script src="https://pictures.happy-new-year.org/sites/site-6/dataknobs/js/jquery-1.8.3.min.js"></script>
	<script src="https://pictures.happy-new-year.org/sites/site-6/dataknobs/css/5grid/init.js?use=mobile,desktop,1000px&amp;mobileUI=1&amp;mobileUI.theme=none"></script>
	<script src="https://pictures.happy-new-year.org/sites/site-6/dataknobs/js/jquery.dropotron-1.2.js"></script>
	<script src="https://pictures.happy-new-year.org/sites/site-6/dataknobs/js/init.js"></script>
	<noscript>
		<link rel="stylesheet" href="https://pictures.happy-new-year.org/sites/site-6/dataknobs/css/5grid/core.css" /><link rel="stylesheet" href="https://pictures.happy-new-year.org/sites/site-6/dataknobs/css/5grid/core-desktop.css" /><link rel="stylesheet" href="https://pictures.happy-new-year.org/sites/site-6/dataknobs/css/5grid/core-1200px.css" /><link rel="stylesheet" href="https://pictures.happy-new-year.org/sites/site-6/dataknobs/css/5grid/core-noscript.css" /><link rel="stylesheet" href="https://pictures.happy-new-year.org/sites/site-6/dataknobs/css/style.css" /><link rel="stylesheet" href="https://pictures.happy-new-year.org/sites/site-6/dataknobs/css/style-desktop.css" />
	</noscript>
	
	

	</head>
  
	<body class="no-sidebar">
			
							<!--	
									<h1> <a id="ctl00_topheader" class="mobileUI-site-name"></a></h1>
								
		
		<li><a id="ctl00_hyperlinkHome"></a></li> 
			-->
					
							
	
						
						

		<div id="main-wrapper">

			<div class="main-wrapper-style2">

					<div class="inner">

						<div class="5grid-layout">

							<div class="row">

									
									<div class="12u mobileUI-main-content">
										<div id="content">

										<article>

												
													

    
   

														<!--	
																<h3><span id="ctl00_ContentPlaceHolder1_title">historyof-noble-prize-in-physics
</span></h3>
														
									<span> <span id="ctl00_ContentPlaceHolder1_metadesc"></span></span>		
    -->
													
													


                                         
											
										
										
                                           

							
									
									<span id="ctl00_ContentPlaceHolder1_labeltext"></span>	

                                    		                       														
                            <br />
                                 
                            <br />
                            

							



										</article>
									
										</div>
									</div>
									

							</div>

						</div>

					</div>

			</div>

			

		</div>

		

		<!-- Footer Wrapper -->
			<div id="footer-wrapper">
		
				<footer id="footer" class="5grid-layout">
					<div class="row">
    
						<div class="3u">
						
						
								<section class="widget-links">
									<h2>Main pages</h2>
									<ul class="style2">
										<a id="ctl00_hyperlink1"></a>
										

    



												
		<li>								
		<a id="ctl00_Articleshome3_RepLinks_ctl01_title" href="https://www.happy-new-year.org/">Home</a>
            </li>	





												
		<li>								
		<a id="ctl00_Articleshome3_RepLinks_ctl02_title" href="https://www.happy-new-year.org/2024/">2024</a>
            </li>	





												
		<li>								
		<a id="ctl00_Articleshome3_RepLinks_ctl03_title" href="https://www.happy-new-year.org/2025/">2025</a>
            </li>	





												
		<li>								
		<a id="ctl00_Articleshome3_RepLinks_ctl04_title" href="https://www.happy-new-year.org/chat-new-year/">Chat new year</a>
            </li>	





												
		<li>								
		<a id="ctl00_Articleshome3_RepLinks_ctl05_title" href="https://www.happy-new-year.org/noble-prize/">Noble prize</a>
            </li>	







             
 
 
 

									</ul>
								</section>
						
						</div>
						<div class="3u">
						
							
								<section class="widget-links">
									<h2>Related Pages </h2>
									<ul class="style2">
										

    



												
		<li>								
		<a id="ctl00_articles1_RepLinks_ctl01_title" href="https://www.happy-new-year.org/noble-prize/hisoty-of-noble-peace-prize.html">Hisoty-of-noble-peace-prize</a>
            </li>	
    <br />





												
		<li>								
		<a id="ctl00_articles1_RepLinks_ctl02_title" href="https://www.happy-new-year.org/noble-prize/history-of-economic-noble-prize-2.html">History-of-economic-noble-prize-2</a>
            </li>	
    <br />





												
		<li>								
		<a id="ctl00_articles1_RepLinks_ctl03_title" href="https://www.happy-new-year.org/noble-prize/history-of-economic-noble-prize-3.html">History-of-economic-noble-prize-3</a>
            </li>	
    <br />





												
		<li>								
		<a id="ctl00_articles1_RepLinks_ctl04_title" href="https://www.happy-new-year.org/noble-prize/history-of-economic-noble-prize.html">History-of-economic-noble-prize</a>
            </li>	
    <br />





												
		<li>								
		<a id="ctl00_articles1_RepLinks_ctl05_title" href="https://www.happy-new-year.org/noble-prize/history-of-nobile-prize-chemistry.html">History-of-nobile-prize-chemistry</a>
            </li>	
    <br />





												
		<li>								
		<a id="ctl00_articles1_RepLinks_ctl06_title" href="https://www.happy-new-year.org/noble-prize/history-of-noble-peace-prize.html">History-of-noble-peace-prize</a>
            </li>	
    <br />





												
		<li>								
		<a id="ctl00_articles1_RepLinks_ctl07_title" href="https://www.happy-new-year.org/noble-prize/history-of-noble-price-physics.html">History-of-noble-price-physics</a>
            </li>	
    <br />





												
		<li>								
		<a id="ctl00_articles1_RepLinks_ctl08_title" href="https://www.happy-new-year.org/noble-prize/history-of-noble-prize-in-literature.html">History-of-noble-prize-in-literature</a>
            </li>	
    <br />





												
		<li>								
		<a id="ctl00_articles1_RepLinks_ctl09_title" href="https://www.happy-new-year.org/noble-prize/historyof-noble-prize-in-physics.html">Historyof-noble-prize-in-physics</a>
            </li>	
    <br />







             
 
 
 

										
									</ul>
								</section>
						
						</div>
						<div class="3u">
						
					
								<section class="widget-links">
									<h2>Explore more </h2>
									<ul class="style2">
										

    



												
		<li>					
			<a id="ctl00_Articlesub1_RepLinks_ctl01_title" href="https://www.happy-new-year.org/"><em><b>Home</b></em></a>
            
           
            </li>	







             
 
 
 
	
									</ul>
								</section>
						
						</div>
						<div class="3u">
						
						
								<section class="widget-contact last">
									<h2>Contact Us</h2>
									<ul>
										
										<li><a href="https://www.facebook.com/kreatewebsites/" class="facebook">Facebook</a></li>
										<li><a href="https://www.linkedin.com/company/kreatewebsites/" class="googleplus">Linkedin</a></li>
									</ul>
									<p>
									Redmond, WA <br />
									USA  </p>
								</section>
						
						</div>
                        
					</div>
					<div class="row">
						<div class="12u">
							 <div id="copyright">
							&copy;  Design: <a id="ctl00_cright">Happy New Year</a> | <a id="ctl00_sitemap"></a>  | <a id="ctl00_privacypolicy" href="https://www.happy-new-year.org/privacypolicy.html">Privacy Policy</a> | <a id="ctl00_footerfooter" href="https://www.happy-new-year.org/">Happy New Year</a></asp:HyperLink> 
			</div>
								 <p></p>
						</div>
						</div>
					
				</footer>
			</div>

	</body>
</html>
